PROTOC src/caffe/proto/caffe.proto
CXX src/caffe/solver.cpp
CXX src/caffe/data_transformer.cpp
CXX src/caffe/util/im_transforms.cpp
CXX src/caffe/util/signal_handler.cpp
CXX src/caffe/util/math_functions.cpp
CXX src/caffe/util/io.cpp
CXX src/caffe/util/insert_splits.cpp
CXX src/caffe/util/benchmark.cpp
CXX src/caffe/util/upgrade_proto.cpp
CXX src/caffe/util/im2col.cpp
CXX src/caffe/util/sampler.cpp
CXX src/caffe/util/cudnn.cpp
CXX src/caffe/util/bbox_util.cpp
CXX src/caffe/util/hdf5.cpp
CXX src/caffe/util/db_lmdb.cpp
CXX src/caffe/util/db.cpp
CXX src/caffe/util/db_leveldb.cpp
CXX src/caffe/util/blocking_queue.cpp
CXX src/caffe/layers/relu_layer.cpp
CXX src/caffe/layers/embed_layer.cpp
CXX src/caffe/layers/accuracy_layer.cpp
CXX src/caffe/layers/loss_layer.cpp
CXX src/caffe/layers/hdf5_data_layer.cpp
CXX src/caffe/layers/crop_layer.cpp
CXX src/caffe/layers/inner_product_layer.cpp
CXX src/caffe/layers/hdf5_output_layer.cpp
CXX src/caffe/layers/eltwise_layer.cpp
CXX src/caffe/layers/infogain_loss_layer.cpp
CXX src/caffe/layers/absval_layer.cpp
CXX src/caffe/layers/contrastive_loss_layer.cpp
CXX src/caffe/layers/cudnn_pooling_layer.cpp
CXX src/caffe/layers/slice_layer.cpp
CXX src/caffe/layers/rnn_layer.cpp
CXX src/caffe/layers/tanh_layer.cpp
CXX src/caffe/layers/neuron_layer.cpp
CXX src/caffe/layers/cudnn_softmax_layer.cpp
CXX src/caffe/layers/lstm_layer.cpp
CXX src/caffe/layers/data_layer.cpp
CXX src/caffe/layers/window_data_layer.cpp
CXX src/caffe/layers/split_layer.cpp
CXX src/caffe/layers/reshape_layer.cpp
CXX src/caffe/layers/sigmoid_cross_entropy_loss_layer.cpp
CXX src/caffe/layers/hinge_loss_layer.cpp
CXX src/caffe/layers/sigmoid_layer.cpp
CXX src/caffe/layers/mvn_layer.cpp
CXX src/caffe/layers/video_data_layer.cpp
